<?xml version="1.0" encoding="UTF-8"?>
<!-- Generated by org.testng.reporters.JUnitXMLReporter -->
<testsuite hostname="HOLBMAC0406" ignored="0" name="Order" tests="1" failures="1" timestamp="29 Mar 2018 15:11:53 GMT" time="0.045" errors="0">
  <testcase name="cancelOrder" time="0.018" classname="com.test.CancelOrderTest">
    <failure type="java.lang.NullPointerException">
      <![CDATA[java.lang.NullPointerException
at com.pages.CancelOrder.orderNo(CancelOrder.java:27)
at com.test.CancelOrderTest.cancelOrder(CancelOrderTest.java:44)
... Removed 25 stack frames]]>
    </failure>
  </testcase> <!-- cancelOrder -->
</testsuite> <!-- Order -->
