<?xml version="1.0" encoding="UTF-8"?>
<!-- Generated by org.testng.reporters.JUnitXMLReporter -->
<testsuite hostname="HOLBMAC0406" ignored="0" name="Prime Feature test" tests="25" failures="0" timestamp="29 Mar 2018 14:23:04 GMT" time="75.392" errors="0">
  <testcase name="addItemsToBasket" time="2.063" classname="test.PlaceOrderTest"/>
  <testcase name="viewBasket" time="0.126" classname="test.PlaceOrderTest"/>
  <testcase name="checkout" time="1.642" classname="test.PlaceOrderTest"/>
  <testcase name="findPostCode" time="1.055" classname="test.PlaceOrderTest"/>
  <testcase name="selectdate" time="2.334" classname="test.PlaceOrderTest"/>
  <testcase name="OrderVerification" time="0.605" classname="test.PlaceOrderTest"/>
  <testcase name="personaldetails" time="2.811" classname="test.PlaceOrderTest"/>
  <testcase name="payment" time="0.528" classname="test.PlaceOrderTest"/>
  <testcase name="orderconfirmation" time="5.782" classname="test.PlaceOrderTest"/>
  <testcase name="detailcomparions" time="0.002" classname="test.PlaceOrderTest"/>
  <testcase name="cancelOrder" time="6.077" classname="test.CancelOrderTest"/>
  <testcase name="addItemsToBasket" time="1.804" classname="test.AmendOrderTest"/>
  <testcase name="viewBasket" time="0.076" classname="test.AmendOrderTest"/>
  <testcase name="checkout" time="1.643" classname="test.AmendOrderTest"/>
  <testcase name="findPostCode" time="1.006" classname="test.AmendOrderTest"/>
  <testcase name="selectdate" time="0.323" classname="test.AmendOrderTest"/>
  <testcase name="backButtonClick" time="0.536" classname="test.AmendOrderTest"/>
  <testcase name="incrementProduct" time="0.508" classname="test.AmendOrderTest"/>
  <testcase name="AmendDateandfindPostCode" time="2.809" classname="test.AmendOrderTest"/>
  <testcase name="Amendselectdate" time="0.543" classname="test.AmendOrderTest"/>
  <testcase name="OrderVerification" time="1.624" classname="test.AmendOrderTest"/>
  <testcase name="personaldetails" time="2.912" classname="test.AmendOrderTest"/>
  <testcase name="payment" time="3.65" classname="test.AmendOrderTest"/>
  <testcase name="orderconfirmation" time="2.827" classname="test.AmendOrderTest"/>
  <testcase name="detailcomparions" time="0.001" classname="test.AmendOrderTest"/>
</testsuite> <!-- Prime Feature test -->
