<?xml version="1.0" encoding="UTF-8"?>
<!-- Generated by org.testng.reporters.JUnitXMLReporter -->
<testsuite hostname="HOLBMAC0406" ignored="0" name="Sainty Test" tests="9" failures="0" timestamp="27 Mar 2018 09:24:47 GMT" time="0.072" errors="0">
  <testcase name="addVendor" time="0.008" classname="test.Class1"/>
  <testcase name="addProduct" time="0.002" classname="test.Class1"/>
  <testcase name="addcurrency" time="0.002" classname="test.Class1"/>
  <testcase name="deleteVendor" time="0.001" classname="test.Class2"/>
  <testcase name="deleteProduct" time="0.002" classname="test.Class2"/>
  <testcase name="Deletecurrency" time="0.001" classname="test.Class2"/>
  <testcase name="Class3Vendor" time="0.002" classname="pages.Class3"/>
  <testcase name="Class3Product" time="0.001" classname="pages.Class3"/>
  <testcase name="Class3currency" time="0.001" classname="pages.Class3"/>
</testsuite> <!-- Sainty Test -->
